make all --print-data-base --no-builtin-variables --no-builtin-rules --question
# GNU Make 4.3
# Built for x86_64-pc-linux-gnu
# Copyright (C) 1988-2020 Free Software Foundation, Inc.
# License GPLv3+: GNU GPL version 3 or later <http://gnu.org/licenses/gpl.html>
# This is free software: you are free to change and redistribute it.
# There is NO WARRANTY, to the extent permitted by law.

# Make data base, printed on Sat Jun 11 02:53:03 2022

# Variables

# environment
TEAMSFX_DEPLOY_MANIFEST = true
# environment
GDK_BACKEND = x11
# environment
LC_ALL = C
# environment
GTK_RC_FILES = /etc/gtk/gtkrc:/home/sumans/.gtkrc:/home/sumans/.config/gtkrc
# environment
VSCODE_IPC_HOOK_EXTHOST = /run/user/1000/vscode-ipc-87f439f8-20a4-4140-943c-f0f41346b744.sock
# environment
LC_NAME = en_US.utf8
# environment
LC_NUMERIC = en_US.utf8
# environment
VSCODE_CWD = /home/sumans
# environment
LESS_TERMCAP_me = [0m
# environment
LC_ADDRESS = en_US.utf8
# default
MAKE_COMMAND := make
# environment
GTK3_MODULES = xapp-gtk3-module
# environment
QT_ACCESSIBILITY = 1
# environment
TEAMSFX_YO_ENV_CHECKER_ENABLE = true
# automatic
@D = $(patsubst %/,%,$(dir $@))
# environment
TEAMSFX_AAD_MANIFEST = true
# environment
VSCODE_HANDLES_UNCAUGHT_ERRORS = true
# default
.VARIABLES := 
# environment
PWD = /home/sumans/Desktop/picoctf
# automatic
%D = $(patsubst %/,%,$(dir $%))
# environment
OLDPWD = /home/sumans
# automatic
^D = $(patsubst %/,%,$(dir $^))
# environment
VSCODE_LOG_STACK = true
# automatic
%F = $(notdir $%)
# environment
VSCODE_CODE_CACHE_PATH = /home/sumans/.config/Code - Insiders/CachedData/ab6ba241145bb81c8bc0f323453bbec45fd66109
# environment
XDG_SESSION_PATH = /org/freedesktop/DisplayManager/Session1
# environment
LANG = C
# environment
POWERSHELL_UPDATECHECK = Off
# environment
XAUTHORITY = /home/sumans/.Xauthority
# default
.LOADED := 
# environment
LESS_TERMCAP_md = [1;36m
# default
.INCLUDE_DIRS = /usr/local/include /usr/include /usr/include
# makefile
MAKEFLAGS = pqrR
# environment
LESS_TERMCAP_so = [01;33m
# makefile
CURDIR := /home/sumans/Desktop/picoctf
# environment
TEAMSFX_API_CONNECT_ENABLE = true
# environment
VSCODE_PIPE_LOGGING = true
# environment
APPLICATION_INSIGHTS_NO_DIAGNOSTIC_CHANNEL = true
# automatic
*D = $(patsubst %/,%,$(dir $*))
# environment
LESS_TERMCAP_ue = [0m
# environment
PAM_KWALLET5_LOGIN = /run/user/1000/kwallet5.socket
# environment
MFLAGS = -pqrR
# environment
SSH_AUTH_SOCK = /tmp/ssh-XXXXXX6rclwX/agent.758
# default
.SHELLFLAGS := -c
# environment
XDG_CONFIG_DIRS = /home/sumans/.config/kdedefaults:/etc/xdg
# automatic
+D = $(patsubst %/,%,$(dir $+))
# environment
XCURSOR_THEME = breeze_cursors
# environment
XDG_SESSION_DESKTOP = 
# makefile
MAKEFILE_LIST := 
# automatic
@F = $(notdir $@)
# environment
VSCODE_VERBOSE_LOGGING = true
# environment
VSCODE_PID = 30239
# environment
TEAMSFX_M365_APP = true
# environment
XDG_SESSION_TYPE = x11
# automatic
?D = $(patsubst %/,%,$(dir $?))
# environment
SESSION_MANAGER = local/suman-inspironn5010:@/tmp/.ICE-unix/909,unix/suman-inspironn5010:/tmp/.ICE-unix/909
# environment
PROMPT_EOL_MARK = 
# automatic
*F = $(notdir $*)
# environment
CHROME_DESKTOP = code-insiders-url-handler.desktop
# environment
DBUS_SESSION_BUS_ADDRESS = unix:path=/run/user/1000/bus
# automatic
<D = $(patsubst %/,%,$(dir $<))
# environment
VSCODE_NLS_CONFIG = {"locale":"en-gb","availableLanguages":{},"_languagePackSupport":true}
# default
MAKE_HOST := x86_64-pc-linux-gnu
# makefile
SHELL = /bin/sh
# environment
LESS_TERMCAP_us = [1;32m
# default
MAKECMDGOALS := all
# environment
PLATFORMIO_CALLER = vscode
# environment
SHLVL = 0
# environment
MAKELEVEL := 0
# default
MAKE = $(MAKE_COMMAND)
# environment
TEAMSFX_BICEP_ENV_CHECKER_ENABLE = true
# environment
PATH = /home/sumans/.local/bin:/usr/sbin:/usr/local/sbin:/usr/sbin:/sbin:/usr/local/bin:/usr/bin:/bin:/usr/local/games:/usr/games
# environment
LESS_TERMCAP_se = [0m
# default
MAKEFILES := 
# environment
LC_MONETARY = en_US.utf8
# automatic
^F = $(notdir $^)
# environment
COMMAND_NOT_FOUND_INSTALL_PROMPT = 1
# environment
LC_TIME = en_US.utf8
# environment
LESS_TERMCAP_mb = [1;31m
# environment
VSCODE_LOG_NATIVE = false
# environment
LC_TELEPHONE = en_US.utf8
# automatic
?F = $(notdir $?)
# environment
KDE_APPLICATIONS_AS_SCOPE = 1
# environment
XDG_SEAT = seat0
# environment
NO_PROXY = 127.0.0.1
# environment
TEAMSFX_GENERATOR_ENV_CHECKER_ENABLE = true
# environment
XDG_CURRENT_DESKTOP = KDE
# environment
LS_COLORS = 
# automatic
+F = $(notdir $+)
# environment
XDG_SEAT_PATH = /org/freedesktop/DisplayManager/Seat0
# environment
DESKTOP_SESSION = lightdm-xsession
# environment
ORIGINAL_XDG_CURRENT_DESKTOP = KDE
# 'override' directive
GNUMAKEFLAGS := 
# environment
LOGNAME = sumans
# environment
PLATFORMIO_PATH = /home/sumans/.platformio/python3/bin:/home/sumans/.local/bin:/usr/sbin:/usr/local/sbin:/usr/sbin:/sbin:/usr/local/bin:/usr/bin:/bin:/usr/local/games:/usr/games
# environment
XDG_VTNR = 7
# makefile
.DEFAULT_GOAL := 
# environment
SYSTEMD_EXEC_PID = 717
# environment
DISPLAY = :0
# environment
USER = sumans
# default
MAKE_VERSION := 4.3
# environment
KDE_SESSION_UID = 1000
# environment
LC_MEASUREMENT = en_US.utf8
# environment
SSH_AGENT_PID = 811
# environment
_ = /usr/share/code-insiders/code-insiders
# environment
LC_PAPER = en_US.utf8
# environment
XDG_RUNTIME_DIR = /run/user/1000
# environment
TEAMSFX_CONFIG_UNIFY = true
# environment
GPG_AGENT_INFO = /run/user/1000/gnupg/S.gpg-agent:0:1
# environment
POWERSHELL_TELEMETRY_OPTOUT = 1
# environment
XDG_SESSION_CLASS = user
# environment
VSCODE_AMD_ENTRYPOINT = vs/workbench/api/node/extensionHostProcess
# environment
PLATFORMIO_IDE = 2.4.3
# environment
GTK2_RC_FILES = /etc/gtk-2.0/gtkrc:/home/sumans/.gtkrc-2.0:/home/sumans/.config/gtkrc-2.0
# environment
HOME = /home/sumans
# environment
ELECTRON_RUN_AS_NODE = 1
# environment
VSCODE_IPC_HOOK = /run/user/1000/vscode-8de83976-1.69.0-insider-main.sock
# environment
XDG_SESSION_ID = 3
# environment
DOTNET_CLI_TELEMETRY_OPTOUT = 1
# environment
XCURSOR_SIZE = 24
# default
.RECIPEPREFIX := 
# automatic
<F = $(notdir $<)
# default
SUFFIXES := 
# environment
QT_AUTO_SCREEN_SCALE_FACTOR = 0
# environment
KDE_SESSION_VERSION = 5
# default
.FEATURES := target-specific order-only second-expansion else-if shortest-stem undefine oneshell nocomment grouped-target extra-prereqs archives jobserver output-sync check-symlink load
# environment
BOT_NOTIFICATION_ENABLED = true
# environment
KDE_FULL_SESSION = true
# environment
LC_IDENTIFICATION = en_US.utf8
# variable set hash-table stats:
# Load=129/1024=13%, Rehash=0, Collisions=11/156=7%

# Pattern-specific Variable Values

# No pattern-specific variable values.

# Directories

# . (device 2052, inode 22448466): 12 files, no impossibilities.

 
make: *** No rule to make target 'all'.  Stop.

# 12 files, no impossibilities in 1 directories.

# Implicit Rules

# No implicit rules.

# Files

# Not a target:
Makefile:
#  Implicit rule search has been done.
#  File does not exist.
#  File has been updated.
#  Failed to be updated.

# Not a target:
.DEFAULT:
#  Implicit rule search has not been done.
#  Modification time never checked.
#  File has not been updated.

# Not a target:
all:
#  Command line target.
#  Implicit rule search has been done.
#  File does not exist.
#  File has not been updated.

# Not a target:
makefile:
#  Implicit rule search has been done.
#  File does not exist.
#  File has been updated.
#  Failed to be updated.

# Not a target:
GNUmakefile:
#  Implicit rule search has been done.
#  File does not exist.
#  File has been updated.
#  Failed to be updated.

# files hash-table stats:
# Load=6/1024=1%, Rehash=0, Collisions=0/15=0%
# VPATH Search Paths

# No 'vpath' search paths.

# No general ('VPATH' variable) search path.

# strcache buffers: 1 (0) / strings = 20 / storage = 228 B / avg = 11 B
# current buf: size = 8162 B / used = 228 B / count = 20 / avg = 11 B

# strcache performance: lookups = 23 / hit rate = 13%
# hash-table stats:
# Load=20/8192=0%, Rehash=0, Collisions=0/23=0%
# Finished Make data base on Sat Jun 11 02:53:03 2022

 
